<?xml version="1.0" encoding="UTF-8"?>
<!-- Generated by org.testng.reporters.JUnitReportReporter -->
<testsuite hostname="DESKTOP-DL16I83" failures="0" tests="7" name="DemoProject.CanadaDrives.AppTestsCases.RAM1500TestCases" time="39.502" errors="0" timestamp="2022-02-16T22:23:22 IST" skipped="0">
  <testcase classname="DemoProject.CanadaDrives.AppTestsCases.RAM1500TestCases" name="TC01_NavigateToURLandSelectOntarioProvince" time="0.666"/>
  <system-out/>
  <testcase classname="DemoProject.CanadaDrives.AppTestsCases.RAM1500TestCases" name="TC02_SortByPriceLowToHigh" time="3.942"/>
  <system-out/>
  <testcase classname="DemoProject.CanadaDrives.AppTestsCases.RAM1500TestCases" name="TC07_ApplyFilterRAM1500" time="3.973"/>
  <system-out/>
  <testcase classname="DemoProject.CanadaDrives.AppTestsCases.RAM1500TestCases" name="TC03_Favorite3Ram1500Vehicles" time="4.092"/>
  <system-out/>
  <testcase classname="DemoProject.CanadaDrives.AppTestsCases.RAM1500TestCases" name="TC04_PickAnAvailableRam1500VehicleAndClickOnPurchase" time="3.609"/>
  <system-out/>
  <testcase classname="DemoProject.CanadaDrives.AppTestsCases.RAM1500TestCases" name="TC06_Select48MonthsWarranty" time="14.008"/>
  <system-out/>
  <testcase classname="DemoProject.CanadaDrives.AppTestsCases.RAM1500TestCases" name="TC05_EnterTorontoAddressInCalculateDelivery" time="9.212"/>
  <system-out/>
</testsuite> <!-- DemoProject.CanadaDrives.AppTestsCases.RAM1500TestCases -->
